<?xml version="1.0" encoding="UTF-8"?>
<!-- Generated by org.testng.reporters.JUnitReportReporter -->
<testsuite hostname="Ramakantas-MacBook-Pro.local" failures="0" tests="1" name="Testcases.DashboardTest" time="52.470" errors="0" timestamp="2023-04-04T17:46:08 IST" skipped="0">
  <testcase classname="Testcases.DashboardTest" name="DashboardTest" time="52.470"/>
  <system-out/>
</testsuite> <!-- Testcases.DashboardTest -->
