<?xml version="1.0" encoding="UTF-8"?>
<!-- Generated by org.testng.reporters.JUnitReportReporter -->
<testsuite hostname="Ramakantas-MacBook-Pro.local" failures="0" tests="1" name="Testcases.LoginTest" time="20.441" errors="0" timestamp="2023-04-04T16:37:06 IST" skipped="0">
  <testcase classname="Testcases.LoginTest" name="loginTest" time="20.441"/>
  <system-out/>
</testsuite> <!-- Testcases.LoginTest -->
