<?xml version="1.0" encoding="UTF-8"?>
<!-- Generated by org.testng.reporters.JUnitReportReporter -->
<testsuite hostname="Ramakantas-MacBook-Pro.local" failures="0" tests="1" name="Testcases.DashboardApplyReimbursementTest" time="63.755" errors="0" timestamp="2023-04-05T14:03:56 IST" skipped="0">
  <testcase classname="Testcases.DashboardApplyReimbursementTest" name="DashboardApplyReimbursementTest" time="63.755"/>
  <system-out/>
</testsuite> <!-- Testcases.DashboardApplyReimbursementTest -->
