<?xml version="1.0" encoding="UTF-8"?>
<!-- Generated by org.testng.reporters.JUnitReportReporter -->
<testsuite hostname="Ramakantas-MacBook-Pro.local" failures="0" tests="1" name="Testcases.BaseClass" time="27.786" errors="0" timestamp="2023-04-04T15:34:29 IST" skipped="0">
  <testcase classname="Testcases.BaseClass" name="loginTest" time="27.786"/>
  <system-out/>
</testsuite> <!-- Testcases.BaseClass -->
