<?xml version="1.0" encoding="UTF-8"?>
<!-- Generated by org.testng.reporters.JUnitReportReporter -->
<testsuite hostname="Ramakantas-MacBook-Pro.local" failures="0" tests="1" name="Tetscases.BaseClass" time="0.008" errors="0" timestamp="2023-04-04T13:03:24 IST" skipped="0">
  <testcase classname="Tetscases.BaseClass" name="sampleTest" time="0.008"/>
  <system-out/>
</testsuite> <!-- Tetscases.BaseClass -->
