<?xml version="1.0" encoding="UTF-8"?>
<!-- Generated by org.testng.reporters.JUnitReportReporter -->
<testsuite hostname="Ramakantas-MacBook-Pro.local" failures="0" tests="1" name="Testcases.DeclarationTaxprojectionPageTest" time="65.252" errors="0" timestamp="2023-04-07T14:16:30 IST" skipped="0">
  <testcase classname="Testcases.DeclarationTaxprojectionPageTest" name="DeclarationTaxprojectionTest" time="65.252"/>
  <system-out/>
</testsuite> <!-- Testcases.DeclarationTaxprojectionPageTest -->
