<?xml version="1.0" encoding="UTF-8"?>
<!-- Generated by org.testng.reporters.JUnitReportReporter -->
<testsuite hostname="Ramakantas-MacBook-Pro.local" failures="0" tests="1" name="Testcases.DeclarationAllowancesPageTest" time="90.835" errors="0" timestamp="2023-04-07T02:50:39 IST" skipped="0">
  <testcase classname="Testcases.DeclarationAllowancesPageTest" name="DeclarationAllowancesTest" time="90.835"/>
  <system-out/>
</testsuite> <!-- Testcases.DeclarationAllowancesPageTest -->
